<?xml version="1.0" encoding="UTF-8"?>
<!-- Generated by org.testng.reporters.JUnitReportReporter -->
<testsuite hostname="DESKTOP-O3V2NEI" failures="0" tests="2" name="Tests.LoginPageTest" time="5.543" errors="0" timestamp="17 Feb 2021 08:42:25 GMT" skipped="0">
  <testcase classname="Tests.LoginPageTest" name="doLogin" time="0.415"/>
  <testcase classname="Tests.LoginPageTest" name="verifyTitle" time="5.128"/>
</testsuite> <!-- Tests.LoginPageTest -->
